<?xml version="1.0" encoding="UTF-8"?>
<!-- Generated by org.testng.reporters.JUnitReportReporter -->
<testsuite skipped="0" hostname="AQMIT-DSK-10159" name="test.DynamicJsonBook" tests="3" failures="0" timestamp="12 May 2022 12:28:28 GMT" time="3.663" errors="0">
  <testcase name="addBook" time="0.132" classname="test.DynamicJsonBook"/>
  <testcase name="addBook" time="0.100" classname="test.DynamicJsonBook"/>
  <testcase name="addBook" time="3.431" classname="test.DynamicJsonBook"/>
</testsuite> <!-- test.DynamicJsonBook -->
