<?xml version="1.0" encoding="UTF-8"?>
<!-- Generated by org.testng.reporters.JUnitReportReporter -->
<testsuite skipped="0" hostname="AQMIT-DSK-10159" name="test.SumValidationComplexJson" tests="1" failures="0" timestamp="03 May 2022 11:55:52 GMT" time="1.616" errors="0">
  <testcase name="sumOfCourses" time="1.616" classname="test.SumValidationComplexJson"/>
</testsuite> <!-- test.SumValidationComplexJson -->
