<?xml version="1.0" encoding="UTF-8"?>
<!-- Generated by org.testng.reporters.JUnitReportReporter -->
<testsuite skipped="0" hostname="AQMIT-DSK-10159" name="test.DynamicJsonBook" tests="3" failures="0" timestamp="04 May 2022 09:09:02 GMT" time="3.920" errors="0">
  <testcase name="addBook" time="3.702" classname="test.DynamicJsonBook"/>
  <testcase name="addBook" time="0.102" classname="test.DynamicJsonBook"/>
  <testcase name="addBook" time="0.116" classname="test.DynamicJsonBook"/>
</testsuite> <!-- test.DynamicJsonBook -->
