<?xml version="1.0" encoding="UTF-8"?>
<!-- Generated by org.testng.reporters.JUnitReportReporter -->
<testsuite skipped="0" hostname="AQMIT-DSK-10159" name="test.PostDataXml" tests="1" failures="0" timestamp="12 May 2022 13:36:32 GMT" time="4.017" errors="0">
  <testcase name="addedBook" time="4.017" classname="test.PostDataXml"/>
</testsuite> <!-- test.PostDataXml -->
